\BOOKMARK [1][-]{section.1}{Abstract}{}% 1
\BOOKMARK [1][-]{section.2}{Introduction}{}% 2
\BOOKMARK [1][-]{section.3}{Results}{}% 3
\BOOKMARK [2][-]{subsection.3.1}{Motivating emergent property inference of theoretical models}{section.3}% 4
\BOOKMARK [2][-]{subsection.3.2}{A deep generative modeling approach to emergent property inference}{section.3}% 5
\BOOKMARK [2][-]{subsection.3.3}{EPI reveals how neuron-type specific noise governs variability in the stochastic stabilized supralinear network}{section.3}% 6
\BOOKMARK [2][-]{subsection.3.4}{EPI identifies multiple regimes of rapid task switching}{section.3}% 7
\BOOKMARK [2][-]{subsection.3.5}{EPI scales well to high-dimensional parameter spaces}{section.3}% 8
\BOOKMARK [1][-]{section.4}{Discussion}{}% 9
\BOOKMARK [1][-]{section.5}{Methods}{}% 10
\BOOKMARK [2][-]{subsection.5.1}{Emergent property inference \(EPI\)}{section.5}% 11
\BOOKMARK [3][-]{subsubsection.5.1.1}{Related approaches}{subsection.5.1}% 12
\BOOKMARK [3][-]{subsubsection.5.1.2}{Normalizing flows}{subsection.5.1}% 13
\BOOKMARK [3][-]{subsubsection.5.1.3}{Augmented Lagrangian optimization}{subsection.5.1}% 14
\BOOKMARK [3][-]{subsubsection.5.1.4}{Example: 2D LDS}{subsection.5.1}% 15
\BOOKMARK [3][-]{subsubsection.5.1.5}{Maximum entropy distributions and exponential families}{subsection.5.1}% 16
\BOOKMARK [3][-]{subsubsection.5.1.6}{EPI as variational inference}{subsection.5.1}% 17
\BOOKMARK [2][-]{subsection.5.2}{Theoretical models}{section.5}% 18
\BOOKMARK [3][-]{subsubsection.5.2.1}{Stomatogastric ganglion}{subsection.5.2}% 19
\BOOKMARK [3][-]{subsubsection.5.2.2}{Primary visual cortex}{subsection.5.2}% 20
\BOOKMARK [3][-]{subsubsection.5.2.3}{Primary visual cortex: challenges to analysis}{subsection.5.2}% 21
\BOOKMARK [3][-]{subsubsection.5.2.4}{Superior colliculus}{subsection.5.2}% 22
\BOOKMARK [3][-]{subsubsection.5.2.5}{Rank-2 RNN}{subsection.5.2}% 23
