This is pdfTeX, Version 3.14159265-2.6-1.40.17 (TeX Live 2016) (preloaded format=pdflatex 2016.5.22)  23 MAR 2021 18:52
entering extended mode
 restricted \write18 enabled.
 %&-line parsing enabled.
**scaling_RNN_inference.tex
(./scaling_RNN_inference.tex
LaTeX2e <2016/03/31>
Babel <3.9r> and hyphenation patterns for 83 language(s) loaded.
(/usr/local/texlive/2016/texmf-dist/tex/latex/base/article.cls
Document Class: article 2014/09/29 v1.4h Standard LaTeX document class
(/usr/local/texlive/2016/texmf-dist/tex/latex/base/size11.clo
File: size11.clo 2014/09/29 v1.4h Standard LaTeX file (size option)
)
\c@part=\count79
\c@section=\count80
\c@subsection=\count81
\c@subsubsection=\count82
\c@paragraph=\count83
\c@subparagraph=\count84
\c@figure=\count85
\c@table=\count86
\abovecaptionskip=\skip41
\belowcaptionskip=\skip42
\bibindent=\dimen102
)
(/usr/local/texlive/2016/texmf-dist/tex/latex/amsmath/amsmath.sty
Package: amsmath 2016/03/10 v2.15b AMS math features
\@mathmargin=\skip43

For additional information on amsmath, use the `?' option.
(/usr/local/texlive/2016/texmf-dist/tex/latex/amsmath/amstext.sty
Package: amstext 2000/06/29 v2.01 AMS text

(/usr/local/texlive/2016/texmf-dist/tex/latex/amsmath/amsgen.sty
File: amsgen.sty 1999/11/30 v2.0 generic functions
\@emptytoks=\toks14
\ex@=\dimen103
))
(/usr/local/texlive/2016/texmf-dist/tex/latex/amsmath/amsbsy.sty
Package: amsbsy 1999/11/29 v1.2d Bold Symbols
\pmbraise@=\dimen104
)
(/usr/local/texlive/2016/texmf-dist/tex/latex/amsmath/amsopn.sty
Package: amsopn 2016/03/08 v2.02 operator names
)
\inf@bad=\count87
LaTeX Info: Redefining \frac on input line 199.
\uproot@=\count88
\leftroot@=\count89
LaTeX Info: Redefining \overline on input line 297.
\classnum@=\count90
\DOTSCASE@=\count91
LaTeX Info: Redefining \ldots on input line 394.
LaTeX Info: Redefining \dots on input line 397.
LaTeX Info: Redefining \cdots on input line 518.
\Mathstrutbox@=\box26
\strutbox@=\box27
\big@size=\dimen105
LaTeX Font Info:    Redeclaring font encoding OML on input line 634.
LaTeX Font Info:    Redeclaring font encoding OMS on input line 635.
\macc@depth=\count92
\c@MaxMatrixCols=\count93
\dotsspace@=\muskip10
\c@parentequation=\count94
\dspbrk@lvl=\count95
\tag@help=\toks15
\row@=\count96
\column@=\count97
\maxfields@=\count98
\andhelp@=\toks16
\eqnshift@=\dimen106
\alignsep@=\dimen107
\tagshift@=\dimen108
\tagwidth@=\dimen109
\totwidth@=\dimen110
\lineht@=\dimen111
\@envbody=\toks17
\multlinegap=\skip44
\multlinetaggap=\skip45
\mathdisplay@stack=\toks18
LaTeX Info: Redefining \[ on input line 2739.
LaTeX Info: Redefining \] on input line 2740.
)
(/usr/local/texlive/2016/texmf-dist/tex/latex/mathtools/mathtools.sty
Package: mathtools 2015/11/12 v1.18 mathematical typesetting tools

(/usr/local/texlive/2016/texmf-dist/tex/latex/graphics/keyval.sty
Package: keyval 2014/10/28 v1.15 key=value parser (DPC)
\KV@toks@=\toks19
)
(/usr/local/texlive/2016/texmf-dist/tex/latex/tools/calc.sty
Package: calc 2014/10/28 v4.3 Infix arithmetic (KKT,FJ)
\calc@Acount=\count99
\calc@Bcount=\count100
\calc@Adimen=\dimen112
\calc@Bdimen=\dimen113
\calc@Askip=\skip46
\calc@Bskip=\skip47
LaTeX Info: Redefining \setlength on input line 80.
LaTeX Info: Redefining \addtolength on input line 81.
\calc@Ccount=\count101
\calc@Cskip=\skip48
)
(/usr/local/texlive/2016/texmf-dist/tex/latex/mathtools/mhsetup.sty
Package: mhsetup 2010/01/21 v1.2a programming setup (MH)
)
LaTeX Info: Thecontrolsequence`\('isalreadyrobust on input line 129.
LaTeX Info: Thecontrolsequence`\)'isalreadyrobust on input line 129.
LaTeX Info: Thecontrolsequence`\['isalreadyrobust on input line 129.
LaTeX Info: Thecontrolsequence`\]'isalreadyrobust on input line 129.
\g_MT_multlinerow_int=\count102
\l_MT_multwidth_dim=\dimen114
\origjot=\skip49
\l_MT_shortvdotswithinadjustabove_dim=\dimen115
\l_MT_shortvdotswithinadjustbelow_dim=\dimen116
\l_MT_above_intertext_sep=\dimen117
\l_MT_below_intertext_sep=\dimen118
\l_MT_above_shortintertext_sep=\dimen119
\l_MT_below_shortintertext_sep=\dimen120
)
(/usr/local/texlive/2016/texmf-dist/tex/latex/amsfonts/amssymb.sty
Package: amssymb 2013/01/14 v3.01 AMS font symbols

(/usr/local/texlive/2016/texmf-dist/tex/latex/amsfonts/amsfonts.sty
Package: amsfonts 2013/01/14 v3.01 Basic AMSFonts support
\symAMSa=\mathgroup4
\symAMSb=\mathgroup5
LaTeX Font Info:    Overwriting math alphabet `\mathfrak' in version `bold'
(Font)                  U/euf/m/n --> U/euf/b/n on input line 106.
))
(/usr/local/texlive/2016/texmf-dist/tex/latex/wrapfig/wrapfig.sty
\wrapoverhang=\dimen121
\WF@size=\dimen122
\c@WF@wrappedlines=\count103
\WF@box=\box28
\WF@everypar=\toks20
Package: wrapfig 2003/01/31  v 3.6
)
(/usr/local/texlive/2016/texmf-dist/tex/latex/fancyhdr/fancyhdr.sty
\fancy@headwidth=\skip50
\f@ncyO@elh=\skip51
\f@ncyO@erh=\skip52
\f@ncyO@olh=\skip53
\f@ncyO@orh=\skip54
\f@ncyO@elf=\skip55
\f@ncyO@erf=\skip56
\f@ncyO@olf=\skip57
\f@ncyO@orf=\skip58
)
(/usr/local/texlive/2016/texmf-dist/tex/latex/tikz-qtree/tikz-qtree.sty
(/usr/local/texlive/2016/texmf-dist/tex/latex/pgf/frontendlayer/tikz.sty
(/usr/local/texlive/2016/texmf-dist/tex/latex/pgf/basiclayer/pgf.sty
(/usr/local/texlive/2016/texmf-dist/tex/latex/pgf/utilities/pgfrcs.sty
(/usr/local/texlive/2016/texmf-dist/tex/generic/pgf/utilities/pgfutil-common.te
x
\pgfutil@everybye=\toks21
\pgfutil@tempdima=\dimen123
\pgfutil@tempdimb=\dimen124

(/usr/local/texlive/2016/texmf-dist/tex/generic/pgf/utilities/pgfutil-common-li
sts.tex))
(/usr/local/texlive/2016/texmf-dist/tex/generic/pgf/utilities/pgfutil-latex.def
\pgfutil@abb=\box29
(/usr/local/texlive/2016/texmf-dist/tex/latex/ms/everyshi.sty
Package: everyshi 2001/05/15 v3.00 EveryShipout Package (MS)
))
(/usr/local/texlive/2016/texmf-dist/tex/generic/pgf/utilities/pgfrcs.code.tex
Package: pgfrcs 2015/08/07 v3.0.1a (rcs-revision 1.31)
))
Package: pgf 2015/08/07 v3.0.1a (rcs-revision 1.15)
(/usr/local/texlive/2016/texmf-dist/tex/latex/pgf/basiclayer/pgfcore.sty
(/usr/local/texlive/2016/texmf-dist/tex/latex/graphics/graphicx.sty
Package: graphicx 2014/10/28 v1.0g Enhanced LaTeX Graphics (DPC,SPQR)

(/usr/local/texlive/2016/texmf-dist/tex/latex/graphics/graphics.sty
Package: graphics 2016/05/09 v1.0r Standard LaTeX Graphics (DPC,SPQR)

(/usr/local/texlive/2016/texmf-dist/tex/latex/graphics/trig.sty
Package: trig 2016/01/03 v1.10 sin cos tan (DPC)
)
(/usr/local/texlive/2016/texmf-dist/tex/latex/graphics-cfg/graphics.cfg
File: graphics.cfg 2016/01/02 v1.10 sample graphics configuration
)
Package graphics Info: Driver file: pdftex.def on input line 96.

(/usr/local/texlive/2016/texmf-dist/tex/latex/pdftex-def/pdftex.def
File: pdftex.def 2011/05/27 v0.06d Graphics/color for pdfTeX

(/usr/local/texlive/2016/texmf-dist/tex/generic/oberdiek/infwarerr.sty
Package: infwarerr 2016/05/16 v1.4 Providing info/warning/error messages (HO)
)
(/usr/local/texlive/2016/texmf-dist/tex/generic/oberdiek/ltxcmds.sty
Package: ltxcmds 2016/05/16 v1.23 LaTeX kernel commands for general use (HO)
)
\Gread@gobject=\count104
))
\Gin@req@height=\dimen125
\Gin@req@width=\dimen126
)
(/usr/local/texlive/2016/texmf-dist/tex/latex/pgf/systemlayer/pgfsys.sty
(/usr/local/texlive/2016/texmf-dist/tex/generic/pgf/systemlayer/pgfsys.code.tex
Package: pgfsys 2014/07/09 v3.0.1a (rcs-revision 1.48)
(/usr/local/texlive/2016/texmf-dist/tex/generic/pgf/utilities/pgfkeys.code.tex
\pgfkeys@pathtoks=\toks22
\pgfkeys@temptoks=\toks23

(/usr/local/texlive/2016/texmf-dist/tex/generic/pgf/utilities/pgfkeysfiltered.c
ode.tex
\pgfkeys@tmptoks=\toks24
))
\pgf@x=\dimen127
\pgf@y=\dimen128
\pgf@xa=\dimen129
\pgf@ya=\dimen130
\pgf@xb=\dimen131
\pgf@yb=\dimen132
\pgf@xc=\dimen133
\pgf@yc=\dimen134
\w@pgf@writea=\write3
\r@pgf@reada=\read1
\c@pgf@counta=\count105
\c@pgf@countb=\count106
\c@pgf@countc=\count107
\c@pgf@countd=\count108
\t@pgf@toka=\toks25
\t@pgf@tokb=\toks26
\t@pgf@tokc=\toks27

(/usr/local/texlive/2016/texmf-dist/tex/generic/pgf/systemlayer/pgf.cfg
File: pgf.cfg 2008/05/14  (rcs-revision 1.7)
)
Driver file for pgf: pgfsys-pdftex.def

(/usr/local/texlive/2016/texmf-dist/tex/generic/pgf/systemlayer/pgfsys-pdftex.d
ef
File: pgfsys-pdftex.def 2014/10/11  (rcs-revision 1.35)

(/usr/local/texlive/2016/texmf-dist/tex/generic/pgf/systemlayer/pgfsys-common-p
df.def
File: pgfsys-common-pdf.def 2013/10/10  (rcs-revision 1.13)
)))
(/usr/local/texlive/2016/texmf-dist/tex/generic/pgf/systemlayer/pgfsyssoftpath.
code.tex
File: pgfsyssoftpath.code.tex 2013/09/09  (rcs-revision 1.9)
\pgfsyssoftpath@smallbuffer@items=\count109
\pgfsyssoftpath@bigbuffer@items=\count110
)
(/usr/local/texlive/2016/texmf-dist/tex/generic/pgf/systemlayer/pgfsysprotocol.
code.tex
File: pgfsysprotocol.code.tex 2006/10/16  (rcs-revision 1.4)
)) (/usr/local/texlive/2016/texmf-dist/tex/latex/xcolor/xcolor.sty
Package: xcolor 2016/05/11 v2.12 LaTeX color extensions (UK)

(/usr/local/texlive/2016/texmf-dist/tex/latex/graphics-cfg/color.cfg
File: color.cfg 2016/01/02 v1.6 sample color configuration
)
Package xcolor Info: Driver file: pdftex.def on input line 225.
Package xcolor Info: Model `cmy' substituted by `cmy0' on input line 1348.
Package xcolor Info: Model `hsb' substituted by `rgb' on input line 1352.
Package xcolor Info: Model `RGB' extended on input line 1364.
Package xcolor Info: Model `HTML' substituted by `rgb' on input line 1366.
Package xcolor Info: Model `Hsb' substituted by `hsb' on input line 1367.
Package xcolor Info: Model `tHsb' substituted by `hsb' on input line 1368.
Package xcolor Info: Model `HSB' substituted by `hsb' on input line 1369.
Package xcolor Info: Model `Gray' substituted by `gray' on input line 1370.
Package xcolor Info: Model `wave' substituted by `hsb' on input line 1371.
)
(/usr/local/texlive/2016/texmf-dist/tex/generic/pgf/basiclayer/pgfcore.code.tex
Package: pgfcore 2010/04/11 v3.0.1a (rcs-revision 1.7)
(/usr/local/texlive/2016/texmf-dist/tex/generic/pgf/math/pgfmath.code.tex
(/usr/local/texlive/2016/texmf-dist/tex/generic/pgf/math/pgfmathcalc.code.tex
(/usr/local/texlive/2016/texmf-dist/tex/generic/pgf/math/pgfmathutil.code.tex)
(/usr/local/texlive/2016/texmf-dist/tex/generic/pgf/math/pgfmathparser.code.tex
\pgfmath@dimen=\dimen135
\pgfmath@count=\count111
\pgfmath@box=\box30
\pgfmath@toks=\toks28
\pgfmath@stack@operand=\toks29
\pgfmath@stack@operation=\toks30
)
(/usr/local/texlive/2016/texmf-dist/tex/generic/pgf/math/pgfmathfunctions.code.
tex
(/usr/local/texlive/2016/texmf-dist/tex/generic/pgf/math/pgfmathfunctions.basic
.code.tex)
(/usr/local/texlive/2016/texmf-dist/tex/generic/pgf/math/pgfmathfunctions.trigo
nometric.code.tex)
(/usr/local/texlive/2016/texmf-dist/tex/generic/pgf/math/pgfmathfunctions.rando
m.code.tex)
(/usr/local/texlive/2016/texmf-dist/tex/generic/pgf/math/pgfmathfunctions.compa
rison.code.tex)
(/usr/local/texlive/2016/texmf-dist/tex/generic/pgf/math/pgfmathfunctions.base.
code.tex)
(/usr/local/texlive/2016/texmf-dist/tex/generic/pgf/math/pgfmathfunctions.round
.code.tex)
(/usr/local/texlive/2016/texmf-dist/tex/generic/pgf/math/pgfmathfunctions.misc.
code.tex)
(/usr/local/texlive/2016/texmf-dist/tex/generic/pgf/math/pgfmathfunctions.integ
erarithmetics.code.tex)))
(/usr/local/texlive/2016/texmf-dist/tex/generic/pgf/math/pgfmathfloat.code.tex
\c@pgfmathroundto@lastzeros=\count112
))
(/usr/local/texlive/2016/texmf-dist/tex/generic/pgf/basiclayer/pgfcorepoints.co
de.tex
File: pgfcorepoints.code.tex 2013/10/07  (rcs-revision 1.27)
\pgf@picminx=\dimen136
\pgf@picmaxx=\dimen137
\pgf@picminy=\dimen138
\pgf@picmaxy=\dimen139
\pgf@pathminx=\dimen140
\pgf@pathmaxx=\dimen141
\pgf@pathminy=\dimen142
\pgf@pathmaxy=\dimen143
\pgf@xx=\dimen144
\pgf@xy=\dimen145
\pgf@yx=\dimen146
\pgf@yy=\dimen147
\pgf@zx=\dimen148
\pgf@zy=\dimen149
)
(/usr/local/texlive/2016/texmf-dist/tex/generic/pgf/basiclayer/pgfcorepathconst
ruct.code.tex
File: pgfcorepathconstruct.code.tex 2013/10/07  (rcs-revision 1.29)
\pgf@path@lastx=\dimen150
\pgf@path@lasty=\dimen151
)
(/usr/local/texlive/2016/texmf-dist/tex/generic/pgf/basiclayer/pgfcorepathusage
.code.tex
File: pgfcorepathusage.code.tex 2014/11/02  (rcs-revision 1.24)
\pgf@shorten@end@additional=\dimen152
\pgf@shorten@start@additional=\dimen153
)
(/usr/local/texlive/2016/texmf-dist/tex/generic/pgf/basiclayer/pgfcorescopes.co
de.tex
File: pgfcorescopes.code.tex 2015/05/08  (rcs-revision 1.46)
\pgfpic=\box31
\pgf@hbox=\box32
\pgf@layerbox@main=\box33
\pgf@picture@serial@count=\count113
)
(/usr/local/texlive/2016/texmf-dist/tex/generic/pgf/basiclayer/pgfcoregraphicst
ate.code.tex
File: pgfcoregraphicstate.code.tex 2014/11/02  (rcs-revision 1.12)
\pgflinewidth=\dimen154
)
(/usr/local/texlive/2016/texmf-dist/tex/generic/pgf/basiclayer/pgfcoretransform
ations.code.tex
File: pgfcoretransformations.code.tex 2015/08/07  (rcs-revision 1.20)
\pgf@pt@x=\dimen155
\pgf@pt@y=\dimen156
\pgf@pt@temp=\dimen157
)
(/usr/local/texlive/2016/texmf-dist/tex/generic/pgf/basiclayer/pgfcorequick.cod
e.tex
File: pgfcorequick.code.tex 2008/10/09  (rcs-revision 1.3)
)
(/usr/local/texlive/2016/texmf-dist/tex/generic/pgf/basiclayer/pgfcoreobjects.c
ode.tex
File: pgfcoreobjects.code.tex 2006/10/11  (rcs-revision 1.2)
)
(/usr/local/texlive/2016/texmf-dist/tex/generic/pgf/basiclayer/pgfcorepathproce
ssing.code.tex
File: pgfcorepathprocessing.code.tex 2013/09/09  (rcs-revision 1.9)
)
(/usr/local/texlive/2016/texmf-dist/tex/generic/pgf/basiclayer/pgfcorearrows.co
de.tex
File: pgfcorearrows.code.tex 2015/05/14  (rcs-revision 1.43)
\pgfarrowsep=\dimen158
)
(/usr/local/texlive/2016/texmf-dist/tex/generic/pgf/basiclayer/pgfcoreshade.cod
e.tex
File: pgfcoreshade.code.tex 2013/07/15  (rcs-revision 1.15)
\pgf@max=\dimen159
\pgf@sys@shading@range@num=\count114
)
(/usr/local/texlive/2016/texmf-dist/tex/generic/pgf/basiclayer/pgfcoreimage.cod
e.tex
File: pgfcoreimage.code.tex 2013/07/15  (rcs-revision 1.18)

(/usr/local/texlive/2016/texmf-dist/tex/generic/pgf/basiclayer/pgfcoreexternal.
code.tex
File: pgfcoreexternal.code.tex 2014/07/09  (rcs-revision 1.21)
\pgfexternal@startupbox=\box34
))
(/usr/local/texlive/2016/texmf-dist/tex/generic/pgf/basiclayer/pgfcorelayers.co
de.tex
File: pgfcorelayers.code.tex 2013/07/18  (rcs-revision 1.7)
)
(/usr/local/texlive/2016/texmf-dist/tex/generic/pgf/basiclayer/pgfcoretranspare
ncy.code.tex
File: pgfcoretransparency.code.tex 2013/09/30  (rcs-revision 1.5)
)
(/usr/local/texlive/2016/texmf-dist/tex/generic/pgf/basiclayer/pgfcorepatterns.
code.tex
File: pgfcorepatterns.code.tex 2013/11/07  (rcs-revision 1.5)
)))
(/usr/local/texlive/2016/texmf-dist/tex/generic/pgf/modules/pgfmoduleshapes.cod
e.tex
File: pgfmoduleshapes.code.tex 2014/03/21  (rcs-revision 1.35)
\pgfnodeparttextbox=\box35
)
(/usr/local/texlive/2016/texmf-dist/tex/generic/pgf/modules/pgfmoduleplot.code.
tex
File: pgfmoduleplot.code.tex 2015/08/03  (rcs-revision 1.13)
)
(/usr/local/texlive/2016/texmf-dist/tex/latex/pgf/compatibility/pgfcomp-version
-0-65.sty
Package: pgfcomp-version-0-65 2007/07/03 v3.0.1a (rcs-revision 1.7)
\pgf@nodesepstart=\dimen160
\pgf@nodesepend=\dimen161
)
(/usr/local/texlive/2016/texmf-dist/tex/latex/pgf/compatibility/pgfcomp-version
-1-18.sty
Package: pgfcomp-version-1-18 2007/07/23 v3.0.1a (rcs-revision 1.1)
))
(/usr/local/texlive/2016/texmf-dist/tex/latex/pgf/utilities/pgffor.sty
(/usr/local/texlive/2016/texmf-dist/tex/latex/pgf/utilities/pgfkeys.sty
(/usr/local/texlive/2016/texmf-dist/tex/generic/pgf/utilities/pgfkeys.code.tex)
) (/usr/local/texlive/2016/texmf-dist/tex/latex/pgf/math/pgfmath.sty
(/usr/local/texlive/2016/texmf-dist/tex/generic/pgf/math/pgfmath.code.tex))
(/usr/local/texlive/2016/texmf-dist/tex/generic/pgf/utilities/pgffor.code.tex
Package: pgffor 2013/12/13 v3.0.1a (rcs-revision 1.25)

(/usr/local/texlive/2016/texmf-dist/tex/generic/pgf/math/pgfmath.code.tex)
\pgffor@iter=\dimen162
\pgffor@skip=\dimen163
\pgffor@stack=\toks31
\pgffor@toks=\toks32
))
(/usr/local/texlive/2016/texmf-dist/tex/generic/pgf/frontendlayer/tikz/tikz.cod
e.tex
Package: tikz 2015/08/07 v3.0.1a (rcs-revision 1.151)

(/usr/local/texlive/2016/texmf-dist/tex/generic/pgf/libraries/pgflibraryplothan
dlers.code.tex
File: pgflibraryplothandlers.code.tex 2013/08/31 v3.0.1a (rcs-revision 1.20)
\pgf@plot@mark@count=\count115
\pgfplotmarksize=\dimen164
)
\tikz@lastx=\dimen165
\tikz@lasty=\dimen166
\tikz@lastxsaved=\dimen167
\tikz@lastysaved=\dimen168
\tikzleveldistance=\dimen169
\tikzsiblingdistance=\dimen170
\tikz@figbox=\box36
\tikz@figbox@bg=\box37
\tikz@tempbox=\box38
\tikz@tempbox@bg=\box39
\tikztreelevel=\count116
\tikznumberofchildren=\count117
\tikznumberofcurrentchild=\count118
\tikz@fig@count=\count119

(/usr/local/texlive/2016/texmf-dist/tex/generic/pgf/modules/pgfmodulematrix.cod
e.tex
File: pgfmodulematrix.code.tex 2013/09/17  (rcs-revision 1.8)
\pgfmatrixcurrentrow=\count120
\pgfmatrixcurrentcolumn=\count121
\pgf@matrix@numberofcolumns=\count122
)
\tikz@expandcount=\count123

(/usr/local/texlive/2016/texmf-dist/tex/generic/pgf/frontendlayer/tikz/librarie
s/tikzlibrarytopaths.code.tex
File: tikzlibrarytopaths.code.tex 2008/06/17 v3.0.1a (rcs-revision 1.2)
)))
(/usr/local/texlive/2016/texmf-dist/tex/latex/tikz-qtree/pgftree.sty
(/usr/local/texlive/2016/texmf-dist/tex/latex/tikz-qtree/pgfsubpic.sty
(/usr/local/texlive/2016/texmf-dist/tex/latex/tikz-qtree/pgfsubpic.tex
\pgf@subpicminx=\dimen171
\pgf@subpicminy=\dimen172
\pgf@subpicmaxx=\dimen173
\pgf@subpicmaxy=\dimen174
))
(/usr/local/texlive/2016/texmf-dist/tex/latex/tikz-qtree/pgftree.tex
\levelsep=\dimen175
\subtreesep=\dimen176
\smuggle@levelsep=\dimen177
\smuggle@subtreesep=\dimen178
\this@levelsep=\dimen179
\this@subtreesep=\dimen180
\pgftree@childx=\dimen181
\pgftree@savechildx=\dimen182
\pgftree@childy=\dimen183
\pgftree@savechildy=\dimen184
\pgftree@childi=\count124
\pgftree@savechildi=\count125
\pgftree@level=\count126
\pgftree@depth=\dimen185
\pgf@subpic@hbox@children=\box40
\pgf@subpic@minx@children=\dimen186
\pgf@subpic@miny@children=\dimen187
\pgf@subpic@maxx@children=\dimen188
\pgf@subpic@maxy@children=\dimen189
\pgftree@lastchildx=\dimen190
\pgftree@lastchildy=\dimen191
))
(/usr/local/texlive/2016/texmf-dist/tex/latex/tikz-qtree/tikz-qtree.tex
\@result=\toks33
\child@list=\toks34
\root@node=\toks35
))
(/usr/local/texlive/2016/texmf-dist/tex/latex/tikz-qtree/tikz-qtree-compat.sty
\@qrooflabel=\toks36
) (/usr/local/texlive/2016/texmf-dist/tex/generic/ulem/ulem.sty
\UL@box=\box41
\UL@hyphenbox=\box42
\UL@skip=\skip59
\UL@hook=\toks37
\UL@height=\dimen192
\UL@pe=\count127
\UL@pixel=\dimen193
\ULC@box=\box43
Package: ulem 2012/05/18
\ULdepth=\dimen194
)
(/usr/local/texlive/2016/texmf-dist/tex/latex/lineno/lineno.sty
Package: lineno 2005/11/02 line numbers on paragraphs v4.41
\linenopenalty=\count128
\output=\toks38
\linenoprevgraf=\count129
\linenumbersep=\dimen195
\linenumberwidth=\dimen196
\c@linenumber=\count130
\c@pagewiselinenumber=\count131
\c@LN@truepage=\count132
\c@internallinenumber=\count133
\c@internallinenumbers=\count134
\quotelinenumbersep=\dimen197
\bframerule=\dimen198
\bframesep=\dimen199
\bframebox=\box44
LaTeX Info: Redefining \\ on input line 3056.
)
(/usr/local/texlive/2016/texmf-dist/tex/latex/floatrow/floatrow.sty
Package: floatrow 2008/08/02 v0.3b floatrow: float package extension

(/usr/local/texlive/2016/texmf-dist/tex/latex/caption/caption3.sty
Package: caption3 2016/02/04 v1.7-139 caption3 kernel (AR)
Package caption3 Info: TeX engine: e-TeX on input line 67.
\captionmargin=\dimen256
\captionmargin@=\dimen257
\captionwidth=\dimen258
\caption@tempdima=\dimen259
\caption@indent=\dimen260
\caption@parindent=\dimen261
\caption@hangindent=\dimen262
)
\c@float@type=\count135
\float@exts=\toks39
\float@box=\box45
\@floatcapt=\box46
Package floatrow Info: Modified float package code loaded on input line 455.
Package floatrow Info: Modified rotfloat package code loaded on input line 473.

\FR@everyfloat=\toks40
\flrow@foot=\insert252
\FB@wd=\dimen263
\FBo@wd=\dimen264
\FBc@wd=\dimen265
\FBo@ht=\skip60
\FBc@ht=\skip61
\FBf@ht=\skip62
\FBo@max=\skip63
\FBc@max=\skip64
\FBf@max=\skip65
\c@FBl@b=\count136
\floatbox@depth=\count137
\c@FRobj=\count138
\c@FRsobj=\count139
\Xhsize=\skip66
\sXhsize=\skip67
\Zhsize=\skip68
\sZhsize=\skip69
\flrow@rowbox=\box47
\FR@Zunitlength=\dimen266
\c@FBcnt=\count140
\FPOScnt=\count141
\LTleft=\skip70
\LTright=\skip71
\LTleft=\skip72
\LTright=\skip73
\flrow@types=\toks41
)
(/usr/local/texlive/2016/texmf-dist/tex/latex/tools/bm.sty
Package: bm 2016/02/27 v1.2a Bold Symbol Support (DPC/FMi)
\symboldoperators=\mathgroup6
\symboldletters=\mathgroup7
\symboldsymbols=\mathgroup8
LaTeX Font Info:    Redeclaring math alphabet \mathbf on input line 142.
LaTeX Info: Redefining \bm on input line 208.
)
(./scaling_RNN_inference.aux)
\openout1 = `scaling_RNN_inference.aux'.

LaTeX Font Info:    Checking defaults for OML/cmm/m/it on input line 37.
LaTeX Font Info:    ... okay on input line 37.
LaTeX Font Info:    Checking defaults for T1/cmr/m/n on input line 37.
LaTeX Font Info:    ... okay on input line 37.
LaTeX Font Info:    Checking defaults for OT1/cmr/m/n on input line 37.
LaTeX Font Info:    ... okay on input line 37.
LaTeX Font Info:    Checking defaults for OMS/cmsy/m/n on input line 37.
LaTeX Font Info:    ... okay on input line 37.
LaTeX Font Info:    Checking defaults for OMX/cmex/m/n on input line 37.
LaTeX Font Info:    ... okay on input line 37.
LaTeX Font Info:    Checking defaults for U/cmr/m/n on input line 37.
LaTeX Font Info:    ... okay on input line 37.
 ABD: EveryShipout initializing macros
(/usr/local/texlive/2016/texmf-dist/tex/context/base/mkii/supp-pdf.mkii
[Loading MPS to PDF converter (version 2006.09.02).]
\scratchcounter=\count142
\scratchdimen=\dimen267
\scratchbox=\box48
\nofMPsegments=\count143
\nofMParguments=\count144
\everyMPshowfont=\toks42
\MPscratchCnt=\count145
\MPscratchDim=\dimen268
\MPnumerator=\count146
\makeMPintoPDFobject=\count147
\everyMPtoPDFconversion=\toks43
) (/usr/local/texlive/2016/texmf-dist/tex/generic/oberdiek/pdftexcmds.sty
Package: pdftexcmds 2016/05/10 v0.21 Utility functions of pdfTeX for LuaTeX (HO
)

(/usr/local/texlive/2016/texmf-dist/tex/generic/oberdiek/ifluatex.sty
Package: ifluatex 2016/05/16 v1.4 Provides the ifluatex switch (HO)
Package ifluatex Info: LuaTeX not detected.
)
(/usr/local/texlive/2016/texmf-dist/tex/generic/oberdiek/ifpdf.sty
Package: ifpdf 2016/05/14 v3.1 Provides the ifpdf switch
)
Package pdftexcmds Info: LuaTeX not detected.
Package pdftexcmds Info: \pdf@primitive is available.
Package pdftexcmds Info: \pdf@ifprimitive is available.
Package pdftexcmds Info: \pdfdraftmode found.
)
(/usr/local/texlive/2016/texmf-dist/tex/latex/oberdiek/epstopdf-base.sty
Package: epstopdf-base 2016/05/15 v2.6 Base part for package epstopdf

(/usr/local/texlive/2016/texmf-dist/tex/latex/oberdiek/grfext.sty
Package: grfext 2016/05/16 v1.2 Manage graphics extensions (HO)

(/usr/local/texlive/2016/texmf-dist/tex/generic/oberdiek/kvdefinekeys.sty
Package: kvdefinekeys 2016/05/16 v1.4 Define keys (HO)
))
(/usr/local/texlive/2016/texmf-dist/tex/latex/oberdiek/kvoptions.sty
Package: kvoptions 2016/05/16 v3.12 Key value format for package options (HO)

(/usr/local/texlive/2016/texmf-dist/tex/generic/oberdiek/kvsetkeys.sty
Package: kvsetkeys 2016/05/16 v1.17 Key value parser (HO)

(/usr/local/texlive/2016/texmf-dist/tex/generic/oberdiek/etexcmds.sty
Package: etexcmds 2016/05/16 v1.6 Avoid name clashes with e-TeX commands (HO)
Package etexcmds Info: Could not find \expanded.
(etexcmds)             That can mean that you are not using pdfTeX 1.50 or
(etexcmds)             that some package has redefined \expanded.
(etexcmds)             In the latter case, load this package earlier.
)))
Package grfext Info: Graphics extension search list:
(grfext)             [.png,.pdf,.jpg,.mps,.jpeg,.jbig2,.jb2,.PNG,.PDF,.JPG,.JPE
G,.JBIG2,.JB2,.eps]
(grfext)             \AppendGraphicsExtensions on input line 456.

(/usr/local/texlive/2016/texmf-dist/tex/latex/latexconfig/epstopdf-sys.cfg
File: epstopdf-sys.cfg 2010/07/13 v1.3 Configuration of (r)epstopdf for TeX Liv
e
))
Package caption Info: Begin \AtBeginDocument code.
Package caption Info: End \AtBeginDocument code.


pdfTeX warning: /Library/TeX/texbin/pdflatex (file ./figures/fig4/fig4.pdf): PD
F inclusion: found PDF version <1.6>, but at most version <1.5> allowed
<figures/fig4/fig4.pdf, id=4, 597.50829pt x 578.20717pt>
File: figures/fig4/fig4.pdf Graphic file (type pdf)

<use figures/fig4/fig4.pdf>
Package pdftex.def Info: figures/fig4/fig4.pdf used on input line 52.
(pdftex.def)             Requested size: 478.00728pt x 462.56636pt.

Overfull \hbox (8.53682pt too wide) in paragraph at lines 52--53
 [] 
 []

LaTeX Font Info:    Try loading font information for U+msa on input line 61.
(/usr/local/texlive/2016/texmf-dist/tex/latex/amsfonts/umsa.fd
File: umsa.fd 2013/01/14 v3.01 AMS symbols A
)
LaTeX Font Info:    Try loading font information for U+msb on input line 61.

(/usr/local/texlive/2016/texmf-dist/tex/latex/amsfonts/umsb.fd
File: umsb.fd 2013/01/14 v3.01 AMS symbols B
) [1

{/usr/local/texlive/2016/texmf-var/fonts/map/pdftex/updmap/pdftex.map}] [2 <./f
igures/fig4/fig4.pdf>] (./scaling_RNN_inference.bbl [3] [4]) [5]

pdfTeX warning: /Library/TeX/texbin/pdflatex (file ./figures/figRNN2/figRNN2.pd
f): PDF inclusion: found PDF version <1.6>, but at most version <1.5> allowed
<figures/figRNN2/figRNN2.pdf, id=116, 334.98851pt x 228.45752pt>
File: figures/figRNN2/figRNN2.pdf Graphic file (type pdf)

<use figures/figRNN2/figRNN2.pdf>
Package pdftex.def Info: figures/figRNN2/figRNN2.pdf used on input line 151.
(pdftex.def)             Requested size: 234.49036pt x 159.91916pt.
 [6]

pdfTeX warning: /Library/TeX/texbin/pdflatex (file ./figures/figRNN1/figRNN1.pd
f): PDF inclusion: found PDF version <1.6>, but at most version <1.5> allowed
<figures/figRNN1/figRNN1.pdf, id=120, 597.50829pt x 532.15616pt>
File: figures/figRNN1/figRNN1.pdf Graphic file (type pdf)

<use figures/figRNN1/figRNN1.pdf>
Package pdftex.def Info: figures/figRNN1/figRNN1.pdf used on input line 172.
(pdftex.def)             Requested size: 478.00728pt x 425.7255pt.

Overfull \hbox (8.53682pt too wide) in paragraph at lines 172--173
 [] 
 []

[7 <./figures/figRNN2/figRNN2.pdf>] [8 <./figures/figRNN1/figRNN1.pdf>]

pdfTeX warning: /Library/TeX/texbin/pdflatex (file ./figures/figRNN3/figRNN3.pd
f): PDF inclusion: found PDF version <1.6>, but at most version <1.5> allowed
<figures/figRNN3/figRNN3.pdf, id=194, 296.79784pt x 375.802pt>
File: figures/figRNN3/figRNN3.pdf Graphic file (type pdf)

<use figures/figRNN3/figRNN3.pdf>
Package pdftex.def Info: figures/figRNN3/figRNN3.pdf used on input line 206.
(pdftex.def)             Requested size: 296.7971pt x 375.80107pt.
 [9] [10 <./figures/figRNN3/figRNN3.pdf>]
(./scaling_RNN_inference.aux) ) 
Here is how much of TeX's memory you used:
 14706 strings out of 493014
 282927 string characters out of 6133351
 330118 words of memory out of 5000000
 17930 multiletter control sequences out of 15000+600000
 17476 words of font info for 65 fonts, out of 8000000 for 9000
 1141 hyphenation exceptions out of 8191
 62i,23n,56p,1421b,394s stack positions out of 5000i,500n,10000p,200000b,80000s
</usr/local/texlive/2016/texmf-dist/fonts/type1/
public/amsfonts/cm/cmbx10.pfb></usr/local/texlive/2016/texmf-dist/fonts/type1/p
ublic/amsfonts/cm/cmbx12.pfb></usr/local/texlive/2016/texmf-dist/fonts/type1/pu
blic/amsfonts/cm/cmbx8.pfb></usr/local/texlive/2016/texmf-dist/fonts/type1/publ
ic/amsfonts/cm/cmex10.pfb></usr/local/texlive/2016/texmf-dist/fonts/type1/publi
c/amsfonts/cm/cmmi10.pfb></usr/local/texlive/2016/texmf-dist/fonts/type1/public
/amsfonts/cm/cmmi8.pfb></usr/local/texlive/2016/texmf-dist/fonts/type1/public/a
msfonts/cm/cmmib10.pfb></usr/local/texlive/2016/texmf-dist/fonts/type1/public/a
msfonts/cm/cmr10.pfb></usr/local/texlive/2016/texmf-dist/fonts/type1/public/ams
fonts/cm/cmr7.pfb></usr/local/texlive/2016/texmf-dist/fonts/type1/public/amsfon
ts/cm/cmr8.pfb></usr/local/texlive/2016/texmf-dist/fonts/type1/public/amsfonts/
cm/cmss8.pfb></usr/local/texlive/2016/texmf-dist/fonts/type1/public/amsfonts/cm
/cmsy10.pfb></usr/local/texlive/2016/texmf-dist/fonts/type1/public/amsfonts/cm/
cmsy8.pfb></usr/local/texlive/2016/texmf-dist/fonts/type1/public/amsfonts/cm/cm
ti10.pfb></usr/local/texlive/2016/texmf-dist/fonts/type1/public/amsfonts/symbol
s/msbm10.pfb>
Output written on scaling_RNN_inference.pdf (10 pages, 2236046 bytes).
PDF statistics:
 277 PDF objects out of 1000 (max. 8388607)
 134 compressed objects within 2 object streams
 0 named destinations out of 1000 (max. 500000)
 33 words of extra memory for PDF output out of 10000 (max. 10000000)

